         3110 function calls (3074 primitive calls) in 0.007 seconds

   Ordered by: standard name

   ncalls  tottime  percall  cumtime  percall filename:lineno(function)
        9    0.000    0.000    0.000    0.000 <frozen importlib._bootstrap>:1009(_handle_fromlist)
       11    0.000    0.000    0.000    0.000 <frozen importlib._bootstrap>:103(release)
       11    0.000    0.000    0.000    0.000 <frozen importlib._bootstrap>:143(__init__)
       11    0.000    0.000    0.000    0.000 <frozen importlib._bootstrap>:147(__enter__)
       11    0.000    0.000    0.000    0.000 <frozen importlib._bootstrap>:151(__exit__)
       11    0.000    0.000    0.000    0.000 <frozen importlib._bootstrap>:157(_get_module_lock)
       11    0.000    0.000    0.000    0.000 <frozen importlib._bootstrap>:176(cb)
     16/4    0.000    0.000    0.005    0.001 <frozen importlib._bootstrap>:211(_call_with_frames_removed)
      212    0.000    0.000    0.000    0.000 <frozen importlib._bootstrap>:222(_verbose_message)
       10    0.000    0.000    0.000    0.000 <frozen importlib._bootstrap>:307(__init__)
       10    0.000    0.000    0.000    0.000 <frozen importlib._bootstrap>:311(__enter__)
       10    0.000    0.000    0.000    0.000 <frozen importlib._bootstrap>:318(__exit__)
       40    0.000    0.000    0.000    0.000 <frozen importlib._bootstrap>:321(<genexpr>)
        4    0.000    0.000    0.000    0.000 <frozen importlib._bootstrap>:35(_new_module)
       11    0.000    0.000    0.000    0.000 <frozen importlib._bootstrap>:369(__init__)
       14    0.000    0.000    0.000    0.000 <frozen importlib._bootstrap>:403(cached)
       10    0.000    0.000    0.000    0.000 <frozen importlib._bootstrap>:416(parent)
       10    0.000    0.000    0.000    0.000 <frozen importlib._bootstrap>:424(has_location)
       10    0.000    0.000    0.000    0.000 <frozen importlib._bootstrap>:504(_init_module_attrs)
       10    0.000    0.000    0.003    0.000 <frozen importlib._bootstrap>:576(module_from_spec)
       11    0.000    0.000    0.000    0.000 <frozen importlib._bootstrap>:58(__init__)
     10/4    0.000    0.000    0.006    0.001 <frozen importlib._bootstrap>:663(_load_unlocked)
       11    0.000    0.000    0.000    0.000 <frozen importlib._bootstrap>:719(find_spec)
       11    0.000    0.000    0.000    0.000 <frozen importlib._bootstrap>:78(acquire)
       11    0.000    0.000    0.000    0.000 <frozen importlib._bootstrap>:792(find_spec)
       33    0.000    0.000    0.000    0.000 <frozen importlib._bootstrap>:855(__enter__)
       33    0.000    0.000    0.000    0.000 <frozen importlib._bootstrap>:859(__exit__)
       11    0.000    0.000    0.001    0.000 <frozen importlib._bootstrap>:882(_find_spec)
     11/5    0.000    0.000    0.006    0.001 <frozen importlib._bootstrap>:948(_find_and_load_unlocked)
     11/5    0.000    0.000    0.007    0.001 <frozen importlib._bootstrap>:978(_find_and_load)
        6    0.000    0.000    0.000    0.000 <frozen importlib._bootstrap_external>:1029(__init__)
        6    0.000    0.000    0.003    0.000 <frozen importlib._bootstrap_external>:1040(create_module)
        6    0.000    0.000    0.000    0.000 <frozen importlib._bootstrap_external>:1048(exec_module)
        1    0.000    0.000    0.000    0.000 <frozen importlib._bootstrap_external>:1190(_path_hooks)
       53    0.000    0.000    0.000    0.000 <frozen importlib._bootstrap_external>:1203(_path_importer_cache)
       11    0.000    0.000    0.001    0.000 <frozen importlib._bootstrap_external>:1240(_get_spec)
       11    0.000    0.000    0.001    0.000 <frozen importlib._bootstrap_external>:1272(find_spec)
        1    0.000    0.000    0.000    0.000 <frozen importlib._bootstrap_external>:1319(__init__)
        8    0.000    0.000    0.000    0.000 <frozen importlib._bootstrap_external>:1325(<genexpr>)
       10    0.000    0.000    0.000    0.000 <frozen importlib._bootstrap_external>:1351(_get_spec)
       42    0.000    0.000    0.001    0.000 <frozen importlib._bootstrap_external>:1356(find_spec)
        1    0.000    0.000    0.000    0.000 <frozen importlib._bootstrap_external>:1404(_fill_cache)
        1    0.000    0.000    0.000    0.000 <frozen importlib._bootstrap_external>:1433(<setcomp>)
        1    0.000    0.000    0.000    0.000 <frozen importlib._bootstrap_external>:1445(path_hook_for_FileFinder)
        8    0.000    0.000    0.000    0.000 <frozen importlib._bootstrap_external>:271(cache_from_source)
       42    0.000    0.000    0.000    0.000 <frozen importlib._bootstrap_external>:36(_relax_case)
       10    0.000    0.000    0.000    0.000 <frozen importlib._bootstrap_external>:369(_get_cached)
        4    0.000    0.000    0.000    0.000 <frozen importlib._bootstrap_external>:401(_check_name_wrapper)
        4    0.000    0.000    0.000    0.000 <frozen importlib._bootstrap_external>:438(_classify_pyc)
        4    0.000    0.000    0.000    0.000 <frozen importlib._bootstrap_external>:471(_validate_timestamp_pyc)
       12    0.000    0.000    0.000    0.000 <frozen importlib._bootstrap_external>:51(_r_long)
        4    0.000    0.000    0.001    0.000 <frozen importlib._bootstrap_external>:523(_compile_bytecode)
      190    0.000    0.000    0.000    0.000 <frozen importlib._bootstrap_external>:56(_path_join)
       10    0.000    0.000    0.000    0.000 <frozen importlib._bootstrap_external>:574(spec_from_file_location)
      190    0.000    0.000    0.000    0.000 <frozen importlib._bootstrap_external>:58(<listcomp>)
        8    0.000    0.000    0.000    0.000 <frozen importlib._bootstrap_external>:62(_path_split)
        4    0.000    0.000    0.000    0.000 <frozen importlib._bootstrap_external>:719(create_module)
        4    0.000    0.000    0.006    0.001 <frozen importlib._bootstrap_external>:722(exec_module)
       57    0.000    0.000    0.000    0.000 <frozen importlib._bootstrap_external>:74(_path_stat)
        4    0.000    0.000    0.001    0.000 <frozen importlib._bootstrap_external>:793(get_code)
       11    0.000    0.000    0.000    0.000 <frozen importlib._bootstrap_external>:84(_path_is_mode_type)
        4    0.000    0.000    0.000    0.000 <frozen importlib._bootstrap_external>:884(__init__)
        4    0.000    0.000    0.000    0.000 <frozen importlib._bootstrap_external>:909(get_filename)
        4    0.000    0.000    0.000    0.000 <frozen importlib._bootstrap_external>:914(get_data)
       10    0.000    0.000    0.000    0.000 <frozen importlib._bootstrap_external>:93(_path_isfile)
        4    0.000    0.000    0.000    0.000 <frozen importlib._bootstrap_external>:951(path_stats)
        1    0.000    0.000    0.000    0.000 <frozen importlib._bootstrap_external>:98(_path_isdir)
        1    0.000    0.000    0.000    0.000 argparse.py:1022(_HelpAction)
        1    0.000    0.000    0.000    0.000 argparse.py:1041(_VersionAction)
        1    0.000    0.000    0.000    0.000 argparse.py:105(_AttributeHolder)
        1    0.000    0.000    0.000    0.000 argparse.py:1067(_SubParsersAction)
        1    0.000    0.000    0.000    0.000 argparse.py:1069(_ChoicesPseudoAction)
        1    0.000    0.000    0.000    0.000 argparse.py:1165(FileType)
        1    0.000    0.000    0.000    0.000 argparse.py:1219(Namespace)
        1    0.000    0.000    0.000    0.000 argparse.py:1239(_ActionsContainer)
        1    0.000    0.000    0.000    0.000 argparse.py:152(HelpFormatter)
        1    0.000    0.000    0.000    0.000 argparse.py:1546(_ArgumentGroup)
        1    0.000    0.000    0.000    0.000 argparse.py:1580(_MutuallyExclusiveGroup)
        1    0.000    0.000    0.000    0.000 argparse.py:1600(ArgumentParser)
        1    0.000    0.000    0.000    0.000 argparse.py:202(_Section)
        1    0.000    0.000    0.000    0.000 argparse.py:62(<module>)
        1    0.000    0.000    0.000    0.000 argparse.py:650(RawDescriptionHelpFormatter)
        1    0.000    0.000    0.000    0.000 argparse.py:661(RawTextHelpFormatter)
        1    0.000    0.000    0.000    0.000 argparse.py:672(ArgumentDefaultsHelpFormatter)
        1    0.000    0.000    0.000    0.000 argparse.py:689(MetavarTypeHelpFormatter)
        1    0.000    0.000    0.000    0.000 argparse.py:722(ArgumentError)
        1    0.000    0.000    0.000    0.000 argparse.py:742(ArgumentTypeError)
        1    0.000    0.000    0.000    0.000 argparse.py:751(Action)
        1    0.000    0.000    0.000    0.000 argparse.py:842(_StoreAction)
        1    0.000    0.000    0.000    0.000 argparse.py:877(_StoreConstAction)
        1    0.000    0.000    0.000    0.000 argparse.py:900(_StoreTrueAction)
        1    0.000    0.000    0.000    0.000 argparse.py:917(_StoreFalseAction)
        1    0.000    0.000    0.000    0.000 argparse.py:934(_AppendAction)
        1    0.000    0.000    0.000    0.000 argparse.py:972(_AppendConstAction)
        1    0.000    0.000    0.000    0.000 argparse.py:999(_CountAction)
        1    0.000    0.000    0.000    0.000 csv.py:131(DictWriter)
        1    0.000    0.000    0.000    0.000 csv.py:166(Sniffer)
        1    0.000    0.000    0.000    0.000 csv.py:24(Dialect)
        1    0.000    0.000    0.000    0.000 csv.py:4(<module>)
        1    0.000    0.000    0.000    0.000 csv.py:55(excel)
        1    0.000    0.000    0.000    0.000 csv.py:65(excel_tab)
        1    0.000    0.000    0.000    0.000 csv.py:70(unix_dialect)
        1    0.000    0.000    0.000    0.000 csv.py:81(DictReader)
        1    0.000    0.000    0.000    0.000 datetime.py:1092(tzinfo)
        1    0.000    0.000    0.000    0.000 datetime.py:1162(time)
        2    0.000    0.000    0.000    0.000 datetime.py:1187(__new__)
        1    0.000    0.000    0.000    0.000 datetime.py:1509(datetime)
        3    0.000    0.000    0.000    0.000 datetime.py:1517(__new__)
        1    0.000    0.000    0.000    0.000 datetime.py:2136(timezone)
        3    0.000    0.000    0.000    0.000 datetime.py:2156(_create)
       35    0.000    0.000    0.000    0.000 datetime.py:379(_check_int_field)
        5    0.000    0.000    0.000    0.000 datetime.py:396(_check_date_fields)
        5    0.000    0.000    0.000    0.000 datetime.py:409(_check_time_fields)
        3    0.000    0.000    0.000    0.000 datetime.py:41(_days_before_year)
        5    0.000    0.000    0.000    0.000 datetime.py:426(_check_tzinfo_arg)
        1    0.000    0.000    0.000    0.000 datetime.py:454(timedelta)
        5    0.000    0.000    0.000    0.000 datetime.py:46(_days_in_month)
        9    0.000    0.000    0.000    0.000 datetime.py:473(__new__)
        1    0.000    0.000    0.001    0.001 datetime.py:5(<module>)
        1    0.000    0.000    0.000    0.000 datetime.py:646(__neg__)
        1    0.000    0.000    0.000    0.000 datetime.py:774(date)
        2    0.000    0.000    0.000    0.000 datetime.py:804(__new__)
        1    0.000    0.000    0.007    0.007 good_perf.py:9(<module>)
       14    0.000    0.000    0.001    0.000 hashlib.py:116(__get_openssl_constructor)
        1    0.000    0.000    0.003    0.003 hashlib.py:54(<module>)
        8    0.000    0.000    0.001    0.000 hashlib.py:73(__get_builtin_constructor)
       19    0.000    0.000    0.000    0.000 {built-in method __new__ of type object at 0x10bdaae10}
        3    0.000    0.000    0.000    0.000 {built-in method _csv.register_dialect}
        1    0.000    0.000    0.000    0.000 {built-in method _hashlib.openssl_md5}
        1    0.000    0.000    0.000    0.000 {built-in method _hashlib.openssl_sha1}
        1    0.000    0.000    0.000    0.000 {built-in method _hashlib.openssl_sha224}
        1    0.000    0.000    0.000    0.000 {built-in method _hashlib.openssl_sha256}
        1    0.000    0.000    0.000    0.000 {built-in method _hashlib.openssl_sha384}
        1    0.000    0.000    0.000    0.000 {built-in method _hashlib.openssl_sha512}
        4    0.000    0.000    0.000    0.000 {built-in method _imp._fix_co_filename}
       55    0.000    0.000    0.000    0.000 {built-in method _imp.acquire_lock}
        6    0.003    0.000    0.003    0.000 {built-in method _imp.create_dynamic}
        6    0.000    0.000    0.000    0.000 {built-in method _imp.exec_dynamic}
       11    0.000    0.000    0.000    0.000 {built-in method _imp.is_builtin}
       11    0.000    0.000    0.000    0.000 {built-in method _imp.is_frozen}
       55    0.000    0.000    0.000    0.000 {built-in method _imp.release_lock}
       22    0.000    0.000    0.000    0.000 {built-in method _thread.allocate_lock}
       22    0.000    0.000    0.000    0.000 {built-in method _thread.get_ident}
    40/38    0.000    0.000    0.001    0.000 {built-in method builtins.__build_class__}
       72    0.000    0.000    0.000    0.000 {built-in method builtins.abs}
       10    0.000    0.000    0.000    0.000 {built-in method builtins.any}
       45    0.000    0.000    0.000    0.000 {built-in method builtins.divmod}
      5/1    0.000    0.000    0.007    0.007 {built-in method builtins.exec}
       72    0.000    0.000    0.000    0.000 {built-in method builtins.getattr}
       14    0.000    0.000    0.000    0.000 {built-in method builtins.globals}
       72    0.000    0.000    0.000    0.000 {built-in method builtins.hasattr}
      216    0.000    0.000    0.000    0.000 {built-in method builtins.isinstance}
       12    0.000    0.000    0.000    0.000 {built-in method builtins.len}
        9    0.000    0.000    0.000    0.000 {built-in method builtins.round}
       12    0.000    0.000    0.000    0.000 {built-in method from_bytes}
        4    0.001    0.000    0.001    0.000 {built-in method marshal.loads}
       18    0.000    0.000    0.000    0.000 {built-in method posix.fspath}
        1    0.000    0.000    0.000    0.000 {built-in method posix.listdir}
       57    0.000    0.000    0.000    0.000 {built-in method posix.stat}
       12    0.000    0.000    0.000    0.000 {method 'append' of 'list' objects}
        1    0.000    0.000    0.000    0.000 {method 'disable' of '_lsprof.Profiler' objects}
       16    0.000    0.000    0.000    0.000 {method 'endswith' of 'str' objects}
        3    0.000    0.000    0.000    0.000 {method 'extend' of 'list' objects}
        1    0.000    0.000    0.000    0.000 {method 'format' of 'str' objects}
       32    0.000    0.000    0.000    0.000 {method 'get' of 'dict' objects}
      198    0.000    0.000    0.000    0.000 {method 'join' of 'str' objects}
        2    0.000    0.000    0.000    0.000 {method 'lower' of 'str' objects}
        4    0.000    0.000    0.000    0.000 {method 'read' of '_io.FileIO' objects}
       79    0.000    0.000    0.000    0.000 {method 'rpartition' of 'str' objects}
      388    0.000    0.000    0.000    0.000 {method 'rstrip' of 'str' objects}
        1    0.000    0.000    0.000    0.000 {method 'setter' of 'property' objects}
        2    0.000    0.000    0.000    0.000 {method 'startswith' of 'str' objects}
        1    0.000    0.000    0.000    0.000 {method 'union' of 'set' objects}


