2019-07-14 10:57:02,959 charges_calc.py:62  ERROR Exiting: calculate_additional_fields()
2019-07-14 11:02:20,793 charges_calc.py:78  WARNING Exiting: calculate_additional_fields()
2019-07-14 11:02:46,865 charges_calc.py:77  WARNING Exiting: calculate_additional_fields()
2019-07-14 11:02:47,473 charges_calc.py:77  WARNING Exiting: calculate_additional_fields()
2019-07-14 11:02:47,770 charges_calc.py:77  WARNING Exiting: calculate_additional_fields()
2019-07-14 11:02:47,949 charges_calc.py:77  WARNING Exiting: calculate_additional_fields()
2019-07-14 11:02:48,127 charges_calc.py:77  WARNING Exiting: calculate_additional_fields()
2019-07-14 11:02:48,303 charges_calc.py:77  WARNING Exiting: calculate_additional_fields()
2019-07-14 11:02:48,450 charges_calc.py:77  WARNING Exiting: calculate_additional_fields()
2019-07-14 11:03:50,457 charges_calc.py:77  ERROR Exiting: calculate_additional_fields()
2019-07-14 11:03:51,721 charges_calc.py:77  ERROR Exiting: calculate_additional_fields()
2019-07-14 11:03:52,080 charges_calc.py:77  ERROR Exiting: calculate_additional_fields()
2019-07-14 11:03:52,295 charges_calc.py:77  ERROR Exiting: calculate_additional_fields()
2019-07-14 11:03:52,479 charges_calc.py:77  ERROR Exiting: calculate_additional_fields()
2019-07-14 11:03:52,616 charges_calc.py:77  ERROR Exiting: calculate_additional_fields()
2019-07-14 11:04:14,986	 charges_calc.py:77  ERROR Exiting: calculate_additional_fields()
2019-07-14 11:04:18,449	 charges_calc.py:77  ERROR Exiting: calculate_additional_fields()
2019-07-14 11:04:28,369 charges_calc.py:77  ERROR Exiting: calculate_additional_fields()
Exiting: calculate_additional_fields()
Exiting: calculate_additional_fields()
Exiting: calculate_additional_fields()
Exiting: calculate_additional_fields()
Exiting: calculate_additional_fields()
Exiting: calculate_additional_fields()
Exiting: calculate_additional_fields()
2019-07-14 11:07:14,263    charges_calc.py:77  ERROR Exiting: calculate_additional_fields()
2019-07-14 11:07:16,437    charges_calc.py:77  ERROR Exiting: calculate_additional_fields()
2019-07-14 11:07:30,947 charges_calc.py:77  ERROR Exiting: calculate_additional_fields()
Exiting: calculate_additional_fields()
2019-07-14 11:07:52,986 charges_calc.py:82  ERROR Exiting: calculate_additional_fields()
2019-07-14 11:07:54,194 charges_calc.py:82  ERROR Exiting: calculate_additional_fields()
2019-07-14 11:09:05,076 charges_calc.py:76  ERROR Exiting: calculate_additional_fields()
2019-07-14 11:20:53,680 charges_calc.py:78  ERROR Exiting: calculate_additional_fields()
2019-07-14 12:55:17,653 charges_calc.py:60  WARNING Exiting: load_rentals_file()
2019-07-14 12:55:22,772 charges_calc.py:60  WARNING Exiting: load_rentals_file()
2019-07-14 12:55:27,452 charges_calc.py:60  WARNING Exiting: load_rentals_file()
2019-07-14 12:55:34,444 charges_calc.py:76  ERROR Exiting: calculate_additional_fields()
2019-07-14 12:55:38,797 charges_calc.py:76  ERROR Exiting: calculate_additional_fields()
2019-07-14 12:56:05,111 charges_calc.py:76  ERROR Exiting: calculate_additional_fields()
2019-07-14 12:56:12,805 charges_calc.py:60  WARNING Exiting: load_rentals_file()
2019-07-14 12:56:17,516 charges_calc.py:76  ERROR Exiting: calculate_additional_fields()
2019-07-14 12:57:40,774 charges_calc.py:76  ERROR Exiting: calculate_additional_fields()
2019-07-14 12:57:55,837 charges_calc.py:76  ERROR Exiting: calculate_additional_fields()
2019-07-14 12:58:03,404 charges_calc.py:76  ERROR Exiting: calculate_additional_fields()
2019-07-14 12:58:31,465 charges_calc.py:89  ERROR __name__ error
2019-07-14 12:58:31,470 charges_calc.py:76  ERROR Exiting: calculate_additional_fields()
2019-07-14 12:58:51,835 charges_calc.py:91  ERROR __name__ error
2019-07-14 12:58:51,836 charges_calc.py:76  ERROR Exiting: calculate_additional_fields()
2019-07-14 12:58:55,559 charges_calc.py:76  ERROR Exiting: calculate_additional_fields()
2019-07-14 12:58:57,365 charges_calc.py:76  ERROR Exiting: calculate_additional_fields()
2019-07-14 12:59:18,894 charges_calc.py:76  ERROR Exiting: calculate_additional_fields()
2019-07-14 12:59:31,686 charges_calc.py:76  ERROR Exiting: calculate_additional_fields()
2019-07-14 12:59:42,816 charges_calc.py:76  ERROR Exiting: calculate_additional_fields()
2019-07-14 13:00:29,700 charges_calc.py:78  ERROR Exiting: calculate_additional_fields()
2019-07-14 13:00:37,243 charges_calc.py:78  ERROR Exiting: calculate_additional_fields()
2019-07-14 13:00:39,160 charges_calc.py:78  ERROR Exiting: calculate_additional_fields()
2019-07-14 13:00:56,566 charges_calc.py:79  ERROR Exiting: calculate_additional_fields()
2019-07-14 13:01:11,992 charges_calc.py:79  ERROR Exiting: calculate_additional_fields()
2019-07-14 13:01:39,160 charges_calc.py:78  ERROR Exiting: calculate_additional_fields()
2019-07-14 17:52:46,087 charges_calc.py:78  ERROR Exiting: calculate_additional_fields()
2019-07-14 17:53:02,713 charges_calc.py:78  ERROR Exiting: calculate_additional_fields()
2019-07-14 17:54:35,142 charges_calc.py:69  ERROR some error
2019-07-14 17:54:35,144 charges_calc.py:79  ERROR Exiting: calculate_additional_fields()
2019-07-14 17:54:52,075 charges_calc.py:69  ERROR some error
2019-07-14 17:54:52,077 charges_calc.py:79  ERROR Exiting: calculate_additional_fields()
2019-07-14 17:55:22,058 charges_calc.py:73  ERROR some error
2019-07-14 17:55:22,058 charges_calc.py:79  ERROR Exiting: calculate_additional_fields()
2019-07-14 17:55:35,962 charges_calc.py:73  ERROR some error
2019-07-14 17:55:35,962 charges_calc.py:77  ERROR Exiting: calculate_additional_fields()
2019-07-14 17:55:43,429 charges_calc.py:77  ERROR Exiting: calculate_additional_fields()
2019-07-14 17:55:46,614 charges_calc.py:77  ERROR Exiting: calculate_additional_fields()
2019-07-14 17:55:47,948 charges_calc.py:77  ERROR Exiting: calculate_additional_fields()
2019-07-14 17:58:34,470 charges_calc.py:77  ERROR Exiting: calculate_additional_fields()
2019-07-14 17:59:45,537 charges_calc.py:77  ERROR Exiting: calculate_additional_fields()
2019-07-14 17:59:53,909 charges_calc.py:74  ERROR some error
2019-07-14 17:59:53,909 charges_calc.py:77  ERROR Exiting: calculate_additional_fields()
2019-07-14 18:00:10,228 charges_calc.py:74  ERROR some error
2019-07-14 18:00:10,228 charges_calc.py:74  ERROR some error
2019-07-14 18:00:10,228 charges_calc.py:74  ERROR some error
2019-07-14 18:00:10,229 charges_calc.py:74  ERROR some error
2019-07-14 18:00:10,229 charges_calc.py:74  ERROR some error
2019-07-14 18:00:10,229 charges_calc.py:74  ERROR some error
2019-07-14 18:00:10,229 charges_calc.py:74  ERROR some error
2019-07-14 18:00:10,229 charges_calc.py:74  ERROR some error
2019-07-14 18:00:10,229 charges_calc.py:74  ERROR some error
2019-07-14 18:00:10,229 charges_calc.py:74  ERROR some error
2019-07-14 18:00:10,229 charges_calc.py:74  ERROR some error
2019-07-14 18:00:10,229 charges_calc.py:74  ERROR some error
2019-07-14 18:00:10,229 charges_calc.py:74  ERROR some error
2019-07-14 18:00:10,229 charges_calc.py:74  ERROR some error
2019-07-14 18:00:10,229 charges_calc.py:74  ERROR some error
2019-07-14 18:00:10,229 charges_calc.py:74  ERROR some error
2019-07-14 18:00:10,229 charges_calc.py:74  ERROR some error
2019-07-14 18:00:10,229 charges_calc.py:74  ERROR some error
2019-07-14 18:00:10,229 charges_calc.py:74  ERROR some error
2019-07-14 18:00:10,229 charges_calc.py:74  ERROR some error
2019-07-14 18:00:10,230 charges_calc.py:74  ERROR some error
2019-07-14 18:00:10,230 charges_calc.py:74  ERROR some error
2019-07-14 18:00:10,230 charges_calc.py:74  ERROR some error
2019-07-14 18:00:10,230 charges_calc.py:74  ERROR some error
2019-07-14 18:00:10,230 charges_calc.py:74  ERROR some error
2019-07-14 18:00:10,230 charges_calc.py:74  ERROR some error
2019-07-14 18:00:10,230 charges_calc.py:74  ERROR some error
2019-07-14 18:00:10,230 charges_calc.py:74  ERROR some error
2019-07-14 18:00:10,230 charges_calc.py:74  ERROR some error
2019-07-14 18:00:10,230 charges_calc.py:74  ERROR some error
2019-07-14 18:00:10,230 charges_calc.py:74  ERROR some error
2019-07-14 18:00:10,230 charges_calc.py:74  ERROR some error
2019-07-14 18:00:10,230 charges_calc.py:74  ERROR some error
2019-07-14 18:00:10,230 charges_calc.py:74  ERROR some error
2019-07-14 18:00:10,230 charges_calc.py:74  ERROR some error
2019-07-14 18:00:10,230 charges_calc.py:74  ERROR some error
2019-07-14 18:00:10,230 charges_calc.py:74  ERROR some error
2019-07-14 18:00:10,231 charges_calc.py:74  ERROR some error
2019-07-14 18:00:10,231 charges_calc.py:74  ERROR some error
2019-07-14 18:00:10,231 charges_calc.py:74  ERROR some error
2019-07-14 18:00:10,231 charges_calc.py:74  ERROR some error
2019-07-14 18:00:10,231 charges_calc.py:74  ERROR some error
2019-07-14 18:00:10,231 charges_calc.py:74  ERROR some error
2019-07-14 18:00:10,231 charges_calc.py:74  ERROR some error
2019-07-14 18:00:10,231 charges_calc.py:74  ERROR some error
2019-07-14 18:00:10,231 charges_calc.py:74  ERROR some error
2019-07-14 18:00:10,231 charges_calc.py:74  ERROR some error
2019-07-14 18:00:10,231 charges_calc.py:74  ERROR some error
2019-07-14 18:00:10,231 charges_calc.py:74  ERROR some error
2019-07-14 18:00:10,231 charges_calc.py:74  ERROR some error
2019-07-14 18:00:10,231 charges_calc.py:74  ERROR some error
2019-07-14 18:00:10,232 charges_calc.py:74  ERROR some error
2019-07-14 18:00:10,232 charges_calc.py:74  ERROR some error
2019-07-14 18:00:10,232 charges_calc.py:74  ERROR some error
2019-07-14 18:00:10,232 charges_calc.py:74  ERROR some error
2019-07-14 18:00:10,232 charges_calc.py:74  ERROR some error
2019-07-14 18:00:10,232 charges_calc.py:74  ERROR some error
2019-07-14 18:00:10,232 charges_calc.py:74  ERROR some error
2019-07-14 18:00:10,232 charges_calc.py:74  ERROR some error
2019-07-14 18:00:10,232 charges_calc.py:74  ERROR some error
2019-07-14 18:00:10,232 charges_calc.py:74  ERROR some error
2019-07-14 18:00:10,232 charges_calc.py:74  ERROR some error
2019-07-14 18:00:10,232 charges_calc.py:74  ERROR some error
2019-07-14 18:00:10,232 charges_calc.py:74  ERROR some error
2019-07-14 18:00:10,232 charges_calc.py:74  ERROR some error
2019-07-14 18:00:10,232 charges_calc.py:74  ERROR some error
2019-07-14 18:00:10,232 charges_calc.py:74  ERROR some error
2019-07-14 18:00:10,233 charges_calc.py:74  ERROR some error
2019-07-14 18:00:10,233 charges_calc.py:74  ERROR some error
2019-07-14 18:00:10,233 charges_calc.py:74  ERROR some error
2019-07-14 18:00:10,233 charges_calc.py:74  ERROR some error
2019-07-14 18:00:10,233 charges_calc.py:74  ERROR some error
2019-07-14 18:00:10,233 charges_calc.py:74  ERROR some error
2019-07-14 18:00:10,233 charges_calc.py:74  ERROR some error
2019-07-14 18:00:10,233 charges_calc.py:74  ERROR some error
2019-07-14 18:00:10,233 charges_calc.py:74  ERROR some error
2019-07-14 18:00:10,233 charges_calc.py:74  ERROR some error
2019-07-14 18:00:10,233 charges_calc.py:74  ERROR some error
2019-07-14 18:00:10,233 charges_calc.py:74  ERROR some error
2019-07-14 18:00:10,233 charges_calc.py:74  ERROR some error
2019-07-14 18:00:10,233 charges_calc.py:74  ERROR some error
2019-07-14 18:00:10,233 charges_calc.py:74  ERROR some error
2019-07-14 18:00:10,233 charges_calc.py:74  ERROR some error
2019-07-14 18:00:10,233 charges_calc.py:74  ERROR some error
2019-07-14 18:00:10,233 charges_calc.py:74  ERROR some error
2019-07-14 18:00:10,233 charges_calc.py:74  ERROR some error
2019-07-14 18:00:10,234 charges_calc.py:74  ERROR some error
2019-07-14 18:00:10,234 charges_calc.py:74  ERROR some error
2019-07-14 18:00:10,234 charges_calc.py:74  ERROR some error
2019-07-14 18:00:10,234 charges_calc.py:74  ERROR some error
2019-07-14 18:00:10,234 charges_calc.py:74  ERROR some error
2019-07-14 18:00:10,234 charges_calc.py:74  ERROR some error
2019-07-14 18:00:10,234 charges_calc.py:74  ERROR some error
2019-07-14 18:00:10,234 charges_calc.py:74  ERROR some error
2019-07-14 18:00:10,234 charges_calc.py:74  ERROR some error
2019-07-14 18:00:10,234 charges_calc.py:74  ERROR some error
2019-07-14 18:00:10,234 charges_calc.py:74  ERROR some error
2019-07-14 18:00:10,234 charges_calc.py:74  ERROR some error
2019-07-14 18:00:10,234 charges_calc.py:74  ERROR some error
2019-07-14 18:00:10,234 charges_calc.py:74  ERROR some error
2019-07-14 18:00:10,234 charges_calc.py:74  ERROR some error
2019-07-14 18:00:10,234 charges_calc.py:74  ERROR some error
2019-07-14 18:00:10,234 charges_calc.py:74  ERROR some error
2019-07-14 18:00:10,234 charges_calc.py:74  ERROR some error
2019-07-14 18:00:10,235 charges_calc.py:74  ERROR some error
2019-07-14 18:00:10,235 charges_calc.py:74  ERROR some error
2019-07-14 18:00:10,235 charges_calc.py:74  ERROR some error
2019-07-14 18:00:10,235 charges_calc.py:74  ERROR some error
2019-07-14 18:00:10,235 charges_calc.py:74  ERROR some error
2019-07-14 18:00:10,235 charges_calc.py:74  ERROR some error
2019-07-14 18:00:10,235 charges_calc.py:74  ERROR some error
2019-07-14 18:00:10,235 charges_calc.py:74  ERROR some error
2019-07-14 18:00:10,235 charges_calc.py:74  ERROR some error
2019-07-14 18:00:10,235 charges_calc.py:74  ERROR some error
2019-07-14 18:00:10,235 charges_calc.py:74  ERROR some error
2019-07-14 18:00:10,235 charges_calc.py:74  ERROR some error
2019-07-14 18:00:10,235 charges_calc.py:74  ERROR some error
2019-07-14 18:00:10,235 charges_calc.py:74  ERROR some error
2019-07-14 18:00:10,235 charges_calc.py:74  ERROR some error
2019-07-14 18:00:10,235 charges_calc.py:74  ERROR some error
2019-07-14 18:00:10,235 charges_calc.py:74  ERROR some error
2019-07-14 18:00:10,235 charges_calc.py:74  ERROR some error
2019-07-14 18:00:10,236 charges_calc.py:74  ERROR some error
2019-07-14 18:00:10,236 charges_calc.py:74  ERROR some error
2019-07-14 18:00:10,236 charges_calc.py:74  ERROR some error
2019-07-14 18:00:10,236 charges_calc.py:74  ERROR some error
2019-07-14 18:00:10,236 charges_calc.py:74  ERROR some error
2019-07-14 18:00:10,236 charges_calc.py:74  ERROR some error
2019-07-14 18:00:10,236 charges_calc.py:74  ERROR some error
2019-07-14 18:00:10,236 charges_calc.py:74  ERROR some error
2019-07-14 18:00:10,236 charges_calc.py:74  ERROR some error
2019-07-14 18:00:10,236 charges_calc.py:74  ERROR some error
2019-07-14 18:00:10,236 charges_calc.py:74  ERROR some error
2019-07-14 18:00:10,236 charges_calc.py:74  ERROR some error
2019-07-14 18:00:10,236 charges_calc.py:74  ERROR some error
2019-07-14 18:00:10,236 charges_calc.py:74  ERROR some error
2019-07-14 18:00:10,236 charges_calc.py:74  ERROR some error
2019-07-14 18:00:10,236 charges_calc.py:74  ERROR some error
2019-07-14 18:00:10,236 charges_calc.py:74  ERROR some error
2019-07-14 18:00:10,236 charges_calc.py:74  ERROR some error
2019-07-14 18:00:10,236 charges_calc.py:74  ERROR some error
2019-07-14 18:00:10,237 charges_calc.py:74  ERROR some error
2019-07-14 18:00:10,237 charges_calc.py:74  ERROR some error
2019-07-14 18:00:10,237 charges_calc.py:74  ERROR some error
2019-07-14 18:00:10,237 charges_calc.py:74  ERROR some error
2019-07-14 18:00:10,237 charges_calc.py:74  ERROR some error
2019-07-14 18:00:10,237 charges_calc.py:74  ERROR some error
2019-07-14 18:00:10,237 charges_calc.py:74  ERROR some error
2019-07-14 18:00:10,237 charges_calc.py:74  ERROR some error
2019-07-14 18:00:10,237 charges_calc.py:74  ERROR some error
2019-07-14 18:00:10,237 charges_calc.py:74  ERROR some error
2019-07-14 18:00:10,237 charges_calc.py:74  ERROR some error
2019-07-14 18:00:10,237 charges_calc.py:74  ERROR some error
2019-07-14 18:00:10,237 charges_calc.py:74  ERROR some error
2019-07-14 18:00:10,237 charges_calc.py:74  ERROR some error
2019-07-14 18:00:10,237 charges_calc.py:74  ERROR some error
2019-07-14 18:00:10,237 charges_calc.py:74  ERROR some error
2019-07-14 18:00:10,237 charges_calc.py:74  ERROR some error
2019-07-14 18:00:10,237 charges_calc.py:74  ERROR some error
2019-07-14 18:00:10,238 charges_calc.py:74  ERROR some error
2019-07-14 18:00:10,238 charges_calc.py:74  ERROR some error
2019-07-14 18:00:10,238 charges_calc.py:74  ERROR some error
2019-07-14 18:00:10,238 charges_calc.py:74  ERROR some error
2019-07-14 18:00:10,238 charges_calc.py:74  ERROR some error
2019-07-14 18:00:10,238 charges_calc.py:74  ERROR some error
2019-07-14 18:00:10,238 charges_calc.py:74  ERROR some error
2019-07-14 18:00:10,238 charges_calc.py:74  ERROR some error
2019-07-14 18:00:10,238 charges_calc.py:74  ERROR some error
2019-07-14 18:00:10,238 charges_calc.py:74  ERROR some error
2019-07-14 18:00:10,238 charges_calc.py:74  ERROR some error
2019-07-14 18:00:10,238 charges_calc.py:74  ERROR some error
2019-07-14 18:00:10,238 charges_calc.py:74  ERROR some error
2019-07-14 18:00:10,238 charges_calc.py:74  ERROR some error
2019-07-14 18:00:10,238 charges_calc.py:74  ERROR some error
2019-07-14 18:00:10,239 charges_calc.py:74  ERROR some error
2019-07-14 18:00:10,239 charges_calc.py:74  ERROR some error
2019-07-14 18:00:10,239 charges_calc.py:74  ERROR some error
2019-07-14 18:00:10,239 charges_calc.py:74  ERROR some error
2019-07-14 18:00:10,239 charges_calc.py:74  ERROR some error
2019-07-14 18:00:10,239 charges_calc.py:74  ERROR some error
2019-07-14 18:00:10,239 charges_calc.py:74  ERROR some error
2019-07-14 18:00:10,239 charges_calc.py:74  ERROR some error
2019-07-14 18:00:10,239 charges_calc.py:74  ERROR some error
2019-07-14 18:00:10,239 charges_calc.py:74  ERROR some error
2019-07-14 18:00:10,239 charges_calc.py:74  ERROR some error
2019-07-14 18:00:10,239 charges_calc.py:74  ERROR some error
2019-07-14 18:00:10,239 charges_calc.py:74  ERROR some error
2019-07-14 18:00:10,239 charges_calc.py:74  ERROR some error
2019-07-14 18:00:10,240 charges_calc.py:74  ERROR some error
2019-07-14 18:00:10,240 charges_calc.py:74  ERROR some error
2019-07-14 18:00:10,240 charges_calc.py:74  ERROR some error
2019-07-14 18:00:10,240 charges_calc.py:74  ERROR some error
2019-07-14 18:00:10,240 charges_calc.py:74  ERROR some error
2019-07-14 18:00:10,240 charges_calc.py:74  ERROR some error
2019-07-14 18:00:10,240 charges_calc.py:74  ERROR some error
2019-07-14 18:00:10,240 charges_calc.py:74  ERROR some error
2019-07-14 18:00:10,240 charges_calc.py:74  ERROR some error
2019-07-14 18:00:10,240 charges_calc.py:74  ERROR some error
2019-07-14 18:00:10,240 charges_calc.py:74  ERROR some error
2019-07-14 18:00:10,240 charges_calc.py:74  ERROR some error
2019-07-14 18:00:10,240 charges_calc.py:74  ERROR some error
2019-07-14 18:00:10,240 charges_calc.py:74  ERROR some error
2019-07-14 18:00:10,240 charges_calc.py:74  ERROR some error
2019-07-14 18:00:10,240 charges_calc.py:74  ERROR some error
2019-07-14 18:00:10,240 charges_calc.py:74  ERROR some error
2019-07-14 18:00:10,240 charges_calc.py:74  ERROR some error
2019-07-14 18:00:10,240 charges_calc.py:74  ERROR some error
2019-07-14 18:00:10,241 charges_calc.py:74  ERROR some error
2019-07-14 18:00:10,241 charges_calc.py:74  ERROR some error
2019-07-14 18:00:10,241 charges_calc.py:74  ERROR some error
2019-07-14 18:00:10,241 charges_calc.py:74  ERROR some error
2019-07-14 18:00:10,241 charges_calc.py:74  ERROR some error
2019-07-14 18:00:10,241 charges_calc.py:74  ERROR some error
2019-07-14 18:00:10,241 charges_calc.py:74  ERROR some error
2019-07-14 18:00:10,241 charges_calc.py:74  ERROR some error
2019-07-14 18:00:10,241 charges_calc.py:74  ERROR some error
2019-07-14 18:00:10,241 charges_calc.py:74  ERROR some error
2019-07-14 18:00:10,241 charges_calc.py:74  ERROR some error
2019-07-14 18:00:10,241 charges_calc.py:74  ERROR some error
2019-07-14 18:00:10,241 charges_calc.py:74  ERROR some error
2019-07-14 18:00:10,241 charges_calc.py:74  ERROR some error
2019-07-14 18:00:10,241 charges_calc.py:74  ERROR some error
2019-07-14 18:00:10,241 charges_calc.py:74  ERROR some error
2019-07-14 18:00:10,241 charges_calc.py:74  ERROR some error
2019-07-14 18:00:10,241 charges_calc.py:74  ERROR some error
2019-07-14 18:00:10,242 charges_calc.py:74  ERROR some error
2019-07-14 18:00:10,242 charges_calc.py:74  ERROR some error
2019-07-14 18:00:10,242 charges_calc.py:74  ERROR some error
2019-07-14 18:00:10,242 charges_calc.py:74  ERROR some error
2019-07-14 18:00:10,242 charges_calc.py:74  ERROR some error
2019-07-14 18:00:10,242 charges_calc.py:74  ERROR some error
2019-07-14 18:00:10,242 charges_calc.py:74  ERROR some error
2019-07-14 18:00:10,242 charges_calc.py:74  ERROR some error
2019-07-14 18:00:10,242 charges_calc.py:74  ERROR some error
2019-07-14 18:00:10,242 charges_calc.py:74  ERROR some error
2019-07-14 18:00:10,242 charges_calc.py:74  ERROR some error
2019-07-14 18:00:10,242 charges_calc.py:74  ERROR some error
2019-07-14 18:00:10,242 charges_calc.py:74  ERROR some error
2019-07-14 18:00:10,242 charges_calc.py:74  ERROR some error
2019-07-14 18:00:10,242 charges_calc.py:74  ERROR some error
2019-07-14 18:00:10,242 charges_calc.py:74  ERROR some error
2019-07-14 18:00:10,242 charges_calc.py:74  ERROR some error
2019-07-14 18:00:10,242 charges_calc.py:74  ERROR some error
2019-07-14 18:00:10,242 charges_calc.py:74  ERROR some error
2019-07-14 18:00:10,243 charges_calc.py:74  ERROR some error
2019-07-14 18:00:10,243 charges_calc.py:74  ERROR some error
2019-07-14 18:00:10,243 charges_calc.py:74  ERROR some error
2019-07-14 18:00:10,243 charges_calc.py:74  ERROR some error
2019-07-14 18:00:10,243 charges_calc.py:74  ERROR some error
2019-07-14 18:00:10,243 charges_calc.py:74  ERROR some error
2019-07-14 18:00:10,243 charges_calc.py:74  ERROR some error
2019-07-14 18:00:10,243 charges_calc.py:74  ERROR some error
2019-07-14 18:00:10,243 charges_calc.py:74  ERROR some error
2019-07-14 18:00:10,243 charges_calc.py:74  ERROR some error
2019-07-14 18:00:10,243 charges_calc.py:74  ERROR some error
2019-07-14 18:00:10,243 charges_calc.py:74  ERROR some error
2019-07-14 18:00:10,243 charges_calc.py:74  ERROR some error
2019-07-14 18:00:10,243 charges_calc.py:74  ERROR some error
2019-07-14 18:00:10,243 charges_calc.py:74  ERROR some error
2019-07-14 18:00:10,243 charges_calc.py:74  ERROR some error
2019-07-14 18:00:10,243 charges_calc.py:74  ERROR some error
2019-07-14 18:00:10,243 charges_calc.py:74  ERROR some error
2019-07-14 18:00:10,244 charges_calc.py:74  ERROR some error
2019-07-14 18:00:10,244 charges_calc.py:74  ERROR some error
2019-07-14 18:00:10,244 charges_calc.py:74  ERROR some error
2019-07-14 18:00:10,244 charges_calc.py:74  ERROR some error
2019-07-14 18:00:10,244 charges_calc.py:74  ERROR some error
2019-07-14 18:00:10,244 charges_calc.py:74  ERROR some error
2019-07-14 18:00:10,244 charges_calc.py:74  ERROR some error
2019-07-14 18:00:10,244 charges_calc.py:74  ERROR some error
2019-07-14 18:00:10,244 charges_calc.py:74  ERROR some error
2019-07-14 18:00:10,244 charges_calc.py:74  ERROR some error
2019-07-14 18:00:10,244 charges_calc.py:74  ERROR some error
2019-07-14 18:00:10,244 charges_calc.py:74  ERROR some error
2019-07-14 18:00:10,244 charges_calc.py:74  ERROR some error
2019-07-14 18:00:10,244 charges_calc.py:74  ERROR some error
2019-07-14 18:00:10,244 charges_calc.py:74  ERROR some error
2019-07-14 18:00:10,244 charges_calc.py:74  ERROR some error
2019-07-14 18:00:10,244 charges_calc.py:74  ERROR some error
2019-07-14 18:00:10,244 charges_calc.py:74  ERROR some error
2019-07-14 18:00:10,244 charges_calc.py:74  ERROR some error
2019-07-14 18:00:10,245 charges_calc.py:74  ERROR some error
2019-07-14 18:00:10,245 charges_calc.py:74  ERROR some error
2019-07-14 18:00:10,245 charges_calc.py:74  ERROR some error
2019-07-14 18:00:10,245 charges_calc.py:74  ERROR some error
2019-07-14 18:00:10,245 charges_calc.py:74  ERROR some error
2019-07-14 18:00:10,245 charges_calc.py:74  ERROR some error
2019-07-14 18:00:10,245 charges_calc.py:74  ERROR some error
2019-07-14 18:00:10,245 charges_calc.py:74  ERROR some error
2019-07-14 18:00:10,245 charges_calc.py:74  ERROR some error
2019-07-14 18:00:10,245 charges_calc.py:74  ERROR some error
2019-07-14 18:00:10,245 charges_calc.py:74  ERROR some error
2019-07-14 18:00:10,245 charges_calc.py:74  ERROR some error
2019-07-14 18:00:10,245 charges_calc.py:74  ERROR some error
2019-07-14 18:00:10,245 charges_calc.py:74  ERROR some error
2019-07-14 18:00:10,245 charges_calc.py:74  ERROR some error
2019-07-14 18:00:10,245 charges_calc.py:74  ERROR some error
2019-07-14 18:00:10,245 charges_calc.py:74  ERROR some error
2019-07-14 18:00:10,245 charges_calc.py:74  ERROR some error
2019-07-14 18:00:10,245 charges_calc.py:74  ERROR some error
2019-07-14 18:00:10,246 charges_calc.py:74  ERROR some error
2019-07-14 18:00:10,246 charges_calc.py:74  ERROR some error
2019-07-14 18:00:10,246 charges_calc.py:74  ERROR some error
2019-07-14 18:00:10,246 charges_calc.py:74  ERROR some error
2019-07-14 18:00:10,246 charges_calc.py:74  ERROR some error
2019-07-14 18:00:10,246 charges_calc.py:74  ERROR some error
2019-07-14 18:00:10,246 charges_calc.py:74  ERROR some error
2019-07-14 18:00:10,246 charges_calc.py:74  ERROR some error
2019-07-14 18:00:10,246 charges_calc.py:74  ERROR some error
2019-07-14 18:00:10,246 charges_calc.py:74  ERROR some error
2019-07-14 18:00:10,246 charges_calc.py:74  ERROR some error
2019-07-14 18:00:10,246 charges_calc.py:74  ERROR some error
2019-07-14 18:00:10,246 charges_calc.py:74  ERROR some error
2019-07-14 18:00:10,246 charges_calc.py:74  ERROR some error
2019-07-14 18:00:10,246 charges_calc.py:74  ERROR some error
2019-07-14 18:00:10,246 charges_calc.py:74  ERROR some error
2019-07-14 18:00:10,246 charges_calc.py:74  ERROR some error
2019-07-14 18:00:10,246 charges_calc.py:74  ERROR some error
2019-07-14 18:00:10,247 charges_calc.py:74  ERROR some error
2019-07-14 18:00:10,247 charges_calc.py:74  ERROR some error
2019-07-14 18:00:10,247 charges_calc.py:74  ERROR some error
2019-07-14 18:00:10,247 charges_calc.py:74  ERROR some error
2019-07-14 18:00:10,247 charges_calc.py:74  ERROR some error
2019-07-14 18:00:10,247 charges_calc.py:74  ERROR some error
2019-07-14 18:00:10,247 charges_calc.py:74  ERROR some error
2019-07-14 18:00:10,247 charges_calc.py:74  ERROR some error
2019-07-14 18:00:10,247 charges_calc.py:74  ERROR some error
2019-07-14 18:00:10,247 charges_calc.py:74  ERROR some error
2019-07-14 18:00:10,247 charges_calc.py:74  ERROR some error
2019-07-14 18:00:10,247 charges_calc.py:74  ERROR some error
2019-07-14 18:00:10,247 charges_calc.py:74  ERROR some error
2019-07-14 18:00:10,247 charges_calc.py:74  ERROR some error
2019-07-14 18:00:10,247 charges_calc.py:74  ERROR some error
2019-07-14 18:00:10,247 charges_calc.py:74  ERROR some error
2019-07-14 18:00:10,247 charges_calc.py:74  ERROR some error
2019-07-14 18:00:10,247 charges_calc.py:74  ERROR some error
2019-07-14 18:00:10,247 charges_calc.py:74  ERROR some error
2019-07-14 18:00:10,248 charges_calc.py:74  ERROR some error
2019-07-14 18:00:10,248 charges_calc.py:74  ERROR some error
2019-07-14 18:00:10,248 charges_calc.py:74  ERROR some error
2019-07-14 18:00:10,248 charges_calc.py:74  ERROR some error
2019-07-14 18:00:10,248 charges_calc.py:74  ERROR some error
2019-07-14 18:00:10,248 charges_calc.py:74  ERROR some error
2019-07-14 18:00:10,248 charges_calc.py:74  ERROR some error
2019-07-14 18:00:10,248 charges_calc.py:74  ERROR some error
2019-07-14 18:00:10,248 charges_calc.py:74  ERROR some error
2019-07-14 18:00:10,248 charges_calc.py:74  ERROR some error
2019-07-14 18:00:10,248 charges_calc.py:74  ERROR some error
2019-07-14 18:00:10,248 charges_calc.py:74  ERROR some error
2019-07-14 18:00:10,248 charges_calc.py:74  ERROR some error
2019-07-14 18:00:10,248 charges_calc.py:74  ERROR some error
2019-07-14 18:00:10,248 charges_calc.py:74  ERROR some error
2019-07-14 18:00:10,248 charges_calc.py:74  ERROR some error
2019-07-14 18:00:10,248 charges_calc.py:74  ERROR some error
2019-07-14 18:00:10,249 charges_calc.py:74  ERROR some error
2019-07-14 18:00:10,249 charges_calc.py:74  ERROR some error
2019-07-14 18:00:10,249 charges_calc.py:74  ERROR some error
2019-07-14 18:00:10,249 charges_calc.py:74  ERROR some error
2019-07-14 18:00:10,249 charges_calc.py:74  ERROR some error
2019-07-14 18:00:10,249 charges_calc.py:74  ERROR some error
2019-07-14 18:00:10,249 charges_calc.py:74  ERROR some error
2019-07-14 18:00:10,249 charges_calc.py:74  ERROR some error
2019-07-14 18:00:10,249 charges_calc.py:74  ERROR some error
2019-07-14 18:00:10,249 charges_calc.py:74  ERROR some error
2019-07-14 18:00:10,249 charges_calc.py:74  ERROR some error
2019-07-14 18:00:10,249 charges_calc.py:74  ERROR some error
2019-07-14 18:00:10,249 charges_calc.py:74  ERROR some error
2019-07-14 18:00:10,249 charges_calc.py:74  ERROR some error
2019-07-14 18:00:10,249 charges_calc.py:74  ERROR some error
2019-07-14 18:00:10,249 charges_calc.py:74  ERROR some error
2019-07-14 18:00:10,249 charges_calc.py:74  ERROR some error
2019-07-14 18:00:10,249 charges_calc.py:74  ERROR some error
2019-07-14 18:00:10,250 charges_calc.py:74  ERROR some error
2019-07-14 18:00:10,250 charges_calc.py:74  ERROR some error
2019-07-14 18:00:10,250 charges_calc.py:74  ERROR some error
2019-07-14 18:00:10,250 charges_calc.py:74  ERROR some error
2019-07-14 18:00:10,250 charges_calc.py:74  ERROR some error
2019-07-14 18:00:10,250 charges_calc.py:74  ERROR some error
2019-07-14 18:00:10,250 charges_calc.py:74  ERROR some error
2019-07-14 18:00:10,250 charges_calc.py:74  ERROR some error
2019-07-14 18:00:10,250 charges_calc.py:74  ERROR some error
2019-07-14 18:00:10,250 charges_calc.py:74  ERROR some error
2019-07-14 18:00:10,250 charges_calc.py:74  ERROR some error
2019-07-14 18:00:10,250 charges_calc.py:74  ERROR some error
2019-07-14 18:00:10,250 charges_calc.py:74  ERROR some error
2019-07-14 18:00:10,250 charges_calc.py:74  ERROR some error
2019-07-14 18:00:10,250 charges_calc.py:74  ERROR some error
2019-07-14 18:00:10,250 charges_calc.py:74  ERROR some error
2019-07-14 18:00:10,250 charges_calc.py:74  ERROR some error
2019-07-14 18:00:10,250 charges_calc.py:74  ERROR some error
2019-07-14 18:00:10,250 charges_calc.py:74  ERROR some error
2019-07-14 18:00:10,251 charges_calc.py:74  ERROR some error
2019-07-14 18:00:10,251 charges_calc.py:74  ERROR some error
2019-07-14 18:00:10,251 charges_calc.py:74  ERROR some error
2019-07-14 18:00:10,251 charges_calc.py:74  ERROR some error
2019-07-14 18:00:10,251 charges_calc.py:74  ERROR some error
2019-07-14 18:00:10,251 charges_calc.py:74  ERROR some error
2019-07-14 18:00:10,251 charges_calc.py:74  ERROR some error
2019-07-14 18:00:10,251 charges_calc.py:74  ERROR some error
2019-07-14 18:00:10,251 charges_calc.py:74  ERROR some error
2019-07-14 18:00:10,251 charges_calc.py:74  ERROR some error
2019-07-14 18:00:10,251 charges_calc.py:74  ERROR some error
2019-07-14 18:00:10,251 charges_calc.py:74  ERROR some error
2019-07-14 18:00:10,251 charges_calc.py:74  ERROR some error
2019-07-14 18:00:10,251 charges_calc.py:74  ERROR some error
2019-07-14 18:00:10,251 charges_calc.py:74  ERROR some error
2019-07-14 18:00:10,251 charges_calc.py:74  ERROR some error
2019-07-14 18:00:10,251 charges_calc.py:74  ERROR some error
2019-07-14 18:00:10,251 charges_calc.py:74  ERROR some error
2019-07-14 18:00:10,252 charges_calc.py:74  ERROR some error
2019-07-14 18:00:10,252 charges_calc.py:74  ERROR some error
2019-07-14 18:00:10,252 charges_calc.py:74  ERROR some error
2019-07-14 18:00:10,252 charges_calc.py:74  ERROR some error
2019-07-14 18:00:10,252 charges_calc.py:74  ERROR some error
2019-07-14 18:00:10,252 charges_calc.py:74  ERROR some error
2019-07-14 18:00:10,252 charges_calc.py:74  ERROR some error
2019-07-14 18:00:10,252 charges_calc.py:74  ERROR some error
2019-07-14 18:00:10,252 charges_calc.py:74  ERROR some error
2019-07-14 18:00:10,252 charges_calc.py:74  ERROR some error
2019-07-14 18:00:10,252 charges_calc.py:74  ERROR some error
2019-07-14 18:00:10,252 charges_calc.py:74  ERROR some error
2019-07-14 18:00:10,252 charges_calc.py:74  ERROR some error
2019-07-14 18:00:10,252 charges_calc.py:74  ERROR some error
2019-07-14 18:00:10,252 charges_calc.py:74  ERROR some error
2019-07-14 18:00:10,252 charges_calc.py:74  ERROR some error
2019-07-14 18:00:10,252 charges_calc.py:74  ERROR some error
2019-07-14 18:00:10,253 charges_calc.py:74  ERROR some error
2019-07-14 18:00:10,253 charges_calc.py:74  ERROR some error
2019-07-14 18:00:10,253 charges_calc.py:74  ERROR some error
2019-07-14 18:00:10,253 charges_calc.py:74  ERROR some error
2019-07-14 18:00:10,253 charges_calc.py:74  ERROR some error
2019-07-14 18:00:10,253 charges_calc.py:74  ERROR some error
2019-07-14 18:00:10,253 charges_calc.py:74  ERROR some error
2019-07-14 18:00:10,253 charges_calc.py:74  ERROR some error
2019-07-14 18:00:10,253 charges_calc.py:74  ERROR some error
2019-07-14 18:00:10,253 charges_calc.py:74  ERROR some error
2019-07-14 18:00:10,253 charges_calc.py:74  ERROR some error
2019-07-14 18:00:10,253 charges_calc.py:74  ERROR some error
2019-07-14 18:00:10,253 charges_calc.py:74  ERROR some error
2019-07-14 18:00:10,253 charges_calc.py:74  ERROR some error
2019-07-14 18:00:10,253 charges_calc.py:74  ERROR some error
2019-07-14 18:00:10,253 charges_calc.py:74  ERROR some error
2019-07-14 18:00:10,254 charges_calc.py:74  ERROR some error
2019-07-14 18:00:10,254 charges_calc.py:74  ERROR some error
2019-07-14 18:00:10,254 charges_calc.py:74  ERROR some error
2019-07-14 18:00:10,254 charges_calc.py:74  ERROR some error
2019-07-14 18:00:10,254 charges_calc.py:74  ERROR some error
2019-07-14 18:00:10,254 charges_calc.py:74  ERROR some error
2019-07-14 18:00:10,254 charges_calc.py:74  ERROR some error
2019-07-14 18:00:10,254 charges_calc.py:74  ERROR some error
2019-07-14 18:00:10,254 charges_calc.py:74  ERROR some error
2019-07-14 18:00:10,254 charges_calc.py:74  ERROR some error
2019-07-14 18:00:10,254 charges_calc.py:74  ERROR some error
2019-07-14 18:00:10,254 charges_calc.py:74  ERROR some error
2019-07-14 18:00:10,254 charges_calc.py:74  ERROR some error
2019-07-14 18:00:10,254 charges_calc.py:74  ERROR some error
2019-07-14 18:00:10,254 charges_calc.py:74  ERROR some error
2019-07-14 18:00:10,254 charges_calc.py:74  ERROR some error
2019-07-14 18:00:10,255 charges_calc.py:74  ERROR some error
2019-07-14 18:00:10,255 charges_calc.py:74  ERROR some error
2019-07-14 18:00:10,255 charges_calc.py:74  ERROR some error
2019-07-14 18:00:10,255 charges_calc.py:74  ERROR some error
2019-07-14 18:00:10,255 charges_calc.py:74  ERROR some error
2019-07-14 18:00:10,255 charges_calc.py:74  ERROR some error
2019-07-14 18:00:10,255 charges_calc.py:74  ERROR some error
2019-07-14 18:00:10,255 charges_calc.py:74  ERROR some error
2019-07-14 18:00:10,255 charges_calc.py:74  ERROR some error
2019-07-14 18:00:10,255 charges_calc.py:74  ERROR some error
2019-07-14 18:00:10,255 charges_calc.py:74  ERROR some error
2019-07-14 18:00:10,255 charges_calc.py:74  ERROR some error
2019-07-14 18:00:10,255 charges_calc.py:74  ERROR some error
2019-07-14 18:00:10,255 charges_calc.py:74  ERROR some error
2019-07-14 18:00:10,255 charges_calc.py:74  ERROR some error
2019-07-14 18:00:10,255 charges_calc.py:74  ERROR some error
2019-07-14 18:00:10,255 charges_calc.py:74  ERROR some error
2019-07-14 18:00:10,256 charges_calc.py:74  ERROR some error
2019-07-14 18:00:10,256 charges_calc.py:74  ERROR some error
2019-07-14 18:00:10,256 charges_calc.py:74  ERROR some error
2019-07-14 18:00:10,256 charges_calc.py:74  ERROR some error
2019-07-14 18:00:10,256 charges_calc.py:74  ERROR some error
2019-07-14 18:00:10,256 charges_calc.py:74  ERROR some error
2019-07-14 18:00:10,256 charges_calc.py:74  ERROR some error
2019-07-14 18:00:10,256 charges_calc.py:74  ERROR some error
2019-07-14 18:00:10,256 charges_calc.py:74  ERROR some error
2019-07-14 18:00:10,256 charges_calc.py:74  ERROR some error
2019-07-14 18:00:10,256 charges_calc.py:74  ERROR some error
2019-07-14 18:00:10,256 charges_calc.py:74  ERROR some error
2019-07-14 18:00:10,256 charges_calc.py:74  ERROR some error
2019-07-14 18:00:10,256 charges_calc.py:74  ERROR some error
2019-07-14 18:00:10,256 charges_calc.py:74  ERROR some error
2019-07-14 18:00:10,256 charges_calc.py:74  ERROR some error
2019-07-14 18:00:10,256 charges_calc.py:74  ERROR some error
2019-07-14 18:00:10,256 charges_calc.py:74  ERROR some error
2019-07-14 18:00:10,257 charges_calc.py:74  ERROR some error
2019-07-14 18:00:10,257 charges_calc.py:74  ERROR some error
2019-07-14 18:00:10,257 charges_calc.py:74  ERROR some error
2019-07-14 18:00:10,257 charges_calc.py:74  ERROR some error
2019-07-14 18:00:10,257 charges_calc.py:74  ERROR some error
2019-07-14 18:00:10,257 charges_calc.py:74  ERROR some error
2019-07-14 18:00:10,257 charges_calc.py:74  ERROR some error
2019-07-14 18:00:10,257 charges_calc.py:74  ERROR some error
2019-07-14 18:00:10,257 charges_calc.py:74  ERROR some error
2019-07-14 18:00:10,257 charges_calc.py:74  ERROR some error
2019-07-14 18:00:10,257 charges_calc.py:74  ERROR some error
2019-07-14 18:00:10,257 charges_calc.py:74  ERROR some error
2019-07-14 18:00:10,257 charges_calc.py:74  ERROR some error
2019-07-14 18:00:10,257 charges_calc.py:74  ERROR some error
2019-07-14 18:00:10,257 charges_calc.py:74  ERROR some error
2019-07-14 18:00:10,257 charges_calc.py:74  ERROR some error
2019-07-14 18:00:10,257 charges_calc.py:74  ERROR some error
2019-07-14 18:00:10,257 charges_calc.py:74  ERROR some error
2019-07-14 18:00:10,258 charges_calc.py:74  ERROR some error
2019-07-14 18:00:10,258 charges_calc.py:74  ERROR some error
2019-07-14 18:00:10,258 charges_calc.py:74  ERROR some error
2019-07-14 18:00:10,258 charges_calc.py:74  ERROR some error
2019-07-14 18:00:10,258 charges_calc.py:74  ERROR some error
2019-07-14 18:00:10,258 charges_calc.py:74  ERROR some error
2019-07-14 18:00:10,258 charges_calc.py:74  ERROR some error
2019-07-14 18:00:10,258 charges_calc.py:74  ERROR some error
2019-07-14 18:00:10,258 charges_calc.py:74  ERROR some error
2019-07-14 18:00:10,258 charges_calc.py:74  ERROR some error
2019-07-14 18:00:10,258 charges_calc.py:74  ERROR some error
2019-07-14 18:00:10,258 charges_calc.py:74  ERROR some error
2019-07-14 18:00:10,258 charges_calc.py:74  ERROR some error
2019-07-14 18:00:10,258 charges_calc.py:74  ERROR some error
2019-07-14 18:00:10,258 charges_calc.py:74  ERROR some error
2019-07-14 18:00:10,258 charges_calc.py:74  ERROR some error
2019-07-14 18:00:10,258 charges_calc.py:74  ERROR some error
2019-07-14 18:00:10,258 charges_calc.py:74  ERROR some error
2019-07-14 18:00:10,259 charges_calc.py:74  ERROR some error
2019-07-14 18:00:10,259 charges_calc.py:74  ERROR some error
2019-07-14 18:00:10,259 charges_calc.py:74  ERROR some error
2019-07-14 18:00:10,259 charges_calc.py:74  ERROR some error
2019-07-14 18:00:10,259 charges_calc.py:74  ERROR some error
2019-07-14 18:00:10,259 charges_calc.py:74  ERROR some error
2019-07-14 18:00:10,259 charges_calc.py:74  ERROR some error
2019-07-14 18:00:10,259 charges_calc.py:74  ERROR some error
2019-07-14 18:00:10,259 charges_calc.py:74  ERROR some error
2019-07-14 18:00:10,259 charges_calc.py:74  ERROR some error
2019-07-14 18:00:10,259 charges_calc.py:74  ERROR some error
2019-07-14 18:00:10,259 charges_calc.py:74  ERROR some error
2019-07-14 18:00:10,259 charges_calc.py:74  ERROR some error
2019-07-14 18:00:10,259 charges_calc.py:74  ERROR some error
2019-07-14 18:00:10,259 charges_calc.py:74  ERROR some error
2019-07-14 18:00:10,259 charges_calc.py:74  ERROR some error
2019-07-14 18:00:10,259 charges_calc.py:74  ERROR some error
2019-07-14 18:00:10,259 charges_calc.py:74  ERROR some error
2019-07-14 18:00:10,259 charges_calc.py:74  ERROR some error
2019-07-14 18:00:10,260 charges_calc.py:74  ERROR some error
2019-07-14 18:00:10,260 charges_calc.py:74  ERROR some error
2019-07-14 18:00:10,260 charges_calc.py:74  ERROR some error
2019-07-14 18:00:10,260 charges_calc.py:74  ERROR some error
2019-07-14 18:00:10,260 charges_calc.py:74  ERROR some error
2019-07-14 18:00:10,260 charges_calc.py:74  ERROR some error
2019-07-14 18:00:10,260 charges_calc.py:74  ERROR some error
2019-07-14 18:00:10,260 charges_calc.py:74  ERROR some error
2019-07-14 18:00:10,260 charges_calc.py:74  ERROR some error
2019-07-14 18:00:10,260 charges_calc.py:74  ERROR some error
2019-07-14 18:00:10,260 charges_calc.py:74  ERROR some error
2019-07-14 18:00:10,260 charges_calc.py:74  ERROR some error
2019-07-14 18:00:10,260 charges_calc.py:74  ERROR some error
2019-07-14 18:00:10,260 charges_calc.py:74  ERROR some error
2019-07-14 18:00:10,260 charges_calc.py:74  ERROR some error
2019-07-14 18:00:10,260 charges_calc.py:74  ERROR some error
2019-07-14 18:00:10,260 charges_calc.py:74  ERROR some error
2019-07-14 18:00:10,260 charges_calc.py:74  ERROR some error
2019-07-14 18:00:10,261 charges_calc.py:74  ERROR some error
2019-07-14 18:00:10,261 charges_calc.py:74  ERROR some error
2019-07-14 18:00:10,261 charges_calc.py:74  ERROR some error
2019-07-14 18:00:10,261 charges_calc.py:74  ERROR some error
2019-07-14 18:00:10,261 charges_calc.py:74  ERROR some error
2019-07-14 18:00:10,261 charges_calc.py:74  ERROR some error
2019-07-14 18:00:10,261 charges_calc.py:74  ERROR some error
2019-07-14 18:00:10,261 charges_calc.py:74  ERROR some error
2019-07-14 18:00:10,261 charges_calc.py:74  ERROR some error
2019-07-14 18:00:10,261 charges_calc.py:74  ERROR some error
2019-07-14 18:00:10,261 charges_calc.py:74  ERROR some error
2019-07-14 18:00:10,261 charges_calc.py:74  ERROR some error
2019-07-14 18:00:10,261 charges_calc.py:74  ERROR some error
2019-07-14 18:00:10,261 charges_calc.py:74  ERROR some error
2019-07-14 18:00:10,261 charges_calc.py:74  ERROR some error
2019-07-14 18:00:10,261 charges_calc.py:74  ERROR some error
2019-07-14 18:00:10,261 charges_calc.py:74  ERROR some error
2019-07-14 18:00:10,261 charges_calc.py:74  ERROR some error
2019-07-14 18:00:10,262 charges_calc.py:74  ERROR some error
2019-07-14 18:00:10,262 charges_calc.py:74  ERROR some error
2019-07-14 18:00:10,262 charges_calc.py:74  ERROR some error
2019-07-14 18:00:10,262 charges_calc.py:74  ERROR some error
2019-07-14 18:00:10,262 charges_calc.py:74  ERROR some error
2019-07-14 18:00:10,262 charges_calc.py:74  ERROR some error
2019-07-14 18:00:10,262 charges_calc.py:74  ERROR some error
2019-07-14 18:00:10,262 charges_calc.py:74  ERROR some error
2019-07-14 18:00:10,262 charges_calc.py:74  ERROR some error
2019-07-14 18:00:10,262 charges_calc.py:74  ERROR some error
2019-07-14 18:00:10,262 charges_calc.py:74  ERROR some error
2019-07-14 18:00:10,262 charges_calc.py:74  ERROR some error
2019-07-14 18:00:10,262 charges_calc.py:74  ERROR some error
2019-07-14 18:00:10,262 charges_calc.py:74  ERROR some error
2019-07-14 18:00:10,262 charges_calc.py:74  ERROR some error
2019-07-14 18:00:10,262 charges_calc.py:74  ERROR some error
2019-07-14 18:00:10,262 charges_calc.py:74  ERROR some error
2019-07-14 18:00:10,262 charges_calc.py:74  ERROR some error
2019-07-14 18:00:10,262 charges_calc.py:74  ERROR some error
2019-07-14 18:00:10,263 charges_calc.py:74  ERROR some error
2019-07-14 18:00:10,263 charges_calc.py:74  ERROR some error
2019-07-14 18:00:10,263 charges_calc.py:74  ERROR some error
2019-07-14 18:00:10,263 charges_calc.py:74  ERROR some error
2019-07-14 18:00:10,263 charges_calc.py:74  ERROR some error
2019-07-14 18:00:10,263 charges_calc.py:74  ERROR some error
2019-07-14 18:00:10,263 charges_calc.py:74  ERROR some error
2019-07-14 18:00:10,263 charges_calc.py:74  ERROR some error
2019-07-14 18:00:10,263 charges_calc.py:74  ERROR some error
2019-07-14 18:00:10,263 charges_calc.py:74  ERROR some error
2019-07-14 18:00:10,263 charges_calc.py:74  ERROR some error
2019-07-14 18:00:10,263 charges_calc.py:74  ERROR some error
2019-07-14 18:00:10,263 charges_calc.py:74  ERROR some error
2019-07-14 18:00:10,263 charges_calc.py:74  ERROR some error
2019-07-14 18:00:10,263 charges_calc.py:74  ERROR some error
2019-07-14 18:00:10,263 charges_calc.py:74  ERROR some error
2019-07-14 18:00:10,263 charges_calc.py:74  ERROR some error
2019-07-14 18:00:10,263 charges_calc.py:74  ERROR some error
2019-07-14 18:00:10,264 charges_calc.py:74  ERROR some error
2019-07-14 18:00:10,264 charges_calc.py:74  ERROR some error
2019-07-14 18:00:10,264 charges_calc.py:74  ERROR some error
2019-07-14 18:00:10,264 charges_calc.py:74  ERROR some error
2019-07-14 18:00:10,264 charges_calc.py:74  ERROR some error
2019-07-14 18:00:10,264 charges_calc.py:74  ERROR some error
2019-07-14 18:00:10,264 charges_calc.py:74  ERROR some error
2019-07-14 18:00:10,264 charges_calc.py:74  ERROR some error
2019-07-14 18:00:10,264 charges_calc.py:74  ERROR some error
2019-07-14 18:00:10,264 charges_calc.py:74  ERROR some error
2019-07-14 18:00:10,264 charges_calc.py:74  ERROR some error
2019-07-14 18:00:10,264 charges_calc.py:74  ERROR some error
2019-07-14 18:00:10,264 charges_calc.py:74  ERROR some error
2019-07-14 18:00:10,264 charges_calc.py:74  ERROR some error
2019-07-14 18:00:10,264 charges_calc.py:74  ERROR some error
2019-07-14 18:00:10,264 charges_calc.py:74  ERROR some error
2019-07-14 18:00:10,264 charges_calc.py:74  ERROR some error
2019-07-14 18:00:10,264 charges_calc.py:74  ERROR some error
2019-07-14 18:00:10,265 charges_calc.py:74  ERROR some error
2019-07-14 18:00:10,265 charges_calc.py:74  ERROR some error
2019-07-14 18:00:10,265 charges_calc.py:74  ERROR some error
2019-07-14 18:00:10,265 charges_calc.py:74  ERROR some error
2019-07-14 18:00:10,265 charges_calc.py:74  ERROR some error
2019-07-14 18:00:10,265 charges_calc.py:74  ERROR some error
2019-07-14 18:00:10,265 charges_calc.py:74  ERROR some error
2019-07-14 18:00:10,265 charges_calc.py:74  ERROR some error
2019-07-14 18:00:10,265 charges_calc.py:74  ERROR some error
2019-07-14 18:00:10,265 charges_calc.py:74  ERROR some error
2019-07-14 18:00:10,265 charges_calc.py:74  ERROR some error
2019-07-14 18:00:10,265 charges_calc.py:74  ERROR some error
2019-07-14 18:00:10,265 charges_calc.py:74  ERROR some error
2019-07-14 18:00:10,265 charges_calc.py:74  ERROR some error
2019-07-14 18:00:10,265 charges_calc.py:74  ERROR some error
2019-07-14 18:00:10,265 charges_calc.py:74  ERROR some error
2019-07-14 18:00:10,266 charges_calc.py:74  ERROR some error
2019-07-14 18:00:10,266 charges_calc.py:74  ERROR some error
2019-07-14 18:00:10,266 charges_calc.py:74  ERROR some error
2019-07-14 18:00:10,266 charges_calc.py:74  ERROR some error
2019-07-14 18:00:10,266 charges_calc.py:74  ERROR some error
2019-07-14 18:00:10,266 charges_calc.py:74  ERROR some error
2019-07-14 18:00:10,266 charges_calc.py:74  ERROR some error
2019-07-14 18:00:10,266 charges_calc.py:74  ERROR some error
2019-07-14 18:00:10,266 charges_calc.py:74  ERROR some error
2019-07-14 18:00:10,266 charges_calc.py:74  ERROR some error
2019-07-14 18:00:10,266 charges_calc.py:74  ERROR some error
2019-07-14 18:00:10,266 charges_calc.py:74  ERROR some error
2019-07-14 18:00:10,266 charges_calc.py:74  ERROR some error
2019-07-14 18:00:10,266 charges_calc.py:74  ERROR some error
2019-07-14 18:00:10,266 charges_calc.py:74  ERROR some error
2019-07-14 18:00:10,266 charges_calc.py:74  ERROR some error
2019-07-14 18:00:10,266 charges_calc.py:74  ERROR some error
2019-07-14 18:00:10,266 charges_calc.py:74  ERROR some error
2019-07-14 18:00:10,267 charges_calc.py:74  ERROR some error
2019-07-14 18:00:10,267 charges_calc.py:74  ERROR some error
2019-07-14 18:00:10,267 charges_calc.py:74  ERROR some error
2019-07-14 18:00:10,267 charges_calc.py:74  ERROR some error
2019-07-14 18:00:10,267 charges_calc.py:74  ERROR some error
2019-07-14 18:00:10,267 charges_calc.py:74  ERROR some error
2019-07-14 18:00:10,267 charges_calc.py:74  ERROR some error
2019-07-14 18:00:10,267 charges_calc.py:74  ERROR some error
2019-07-14 18:00:10,267 charges_calc.py:74  ERROR some error
2019-07-14 18:00:10,267 charges_calc.py:74  ERROR some error
2019-07-14 18:00:10,267 charges_calc.py:74  ERROR some error
2019-07-14 18:00:10,267 charges_calc.py:74  ERROR some error
2019-07-14 18:00:10,267 charges_calc.py:74  ERROR some error
2019-07-14 18:00:10,267 charges_calc.py:74  ERROR some error
2019-07-14 18:00:10,267 charges_calc.py:74  ERROR some error
2019-07-14 18:00:10,267 charges_calc.py:74  ERROR some error
2019-07-14 18:00:10,267 charges_calc.py:74  ERROR some error
2019-07-14 18:00:10,267 charges_calc.py:74  ERROR some error
2019-07-14 18:00:10,267 charges_calc.py:74  ERROR some error
2019-07-14 18:00:10,268 charges_calc.py:74  ERROR some error
2019-07-14 18:00:10,268 charges_calc.py:74  ERROR some error
2019-07-14 18:00:10,268 charges_calc.py:74  ERROR some error
2019-07-14 18:00:10,268 charges_calc.py:74  ERROR some error
2019-07-14 18:00:10,268 charges_calc.py:74  ERROR some error
2019-07-14 18:00:10,268 charges_calc.py:74  ERROR some error
2019-07-14 18:00:10,268 charges_calc.py:74  ERROR some error
2019-07-14 18:00:10,268 charges_calc.py:74  ERROR some error
2019-07-14 18:00:10,268 charges_calc.py:74  ERROR some error
2019-07-14 18:00:10,268 charges_calc.py:74  ERROR some error
2019-07-14 18:00:10,268 charges_calc.py:74  ERROR some error
2019-07-14 18:00:10,268 charges_calc.py:74  ERROR some error
2019-07-14 18:00:10,268 charges_calc.py:74  ERROR some error
2019-07-14 18:00:10,268 charges_calc.py:74  ERROR some error
2019-07-14 18:00:10,268 charges_calc.py:74  ERROR some error
2019-07-14 18:00:10,268 charges_calc.py:74  ERROR some error
2019-07-14 18:00:10,269 charges_calc.py:74  ERROR some error
2019-07-14 18:00:10,269 charges_calc.py:74  ERROR some error
2019-07-14 18:00:10,269 charges_calc.py:74  ERROR some error
2019-07-14 18:00:10,269 charges_calc.py:74  ERROR some error
2019-07-14 18:00:10,269 charges_calc.py:74  ERROR some error
2019-07-14 18:00:10,269 charges_calc.py:74  ERROR some error
2019-07-14 18:00:10,269 charges_calc.py:74  ERROR some error
2019-07-14 18:00:10,269 charges_calc.py:74  ERROR some error
2019-07-14 18:00:10,269 charges_calc.py:74  ERROR some error
2019-07-14 18:00:10,269 charges_calc.py:74  ERROR some error
2019-07-14 18:00:10,269 charges_calc.py:74  ERROR some error
2019-07-14 18:00:10,269 charges_calc.py:74  ERROR some error
2019-07-14 18:00:10,269 charges_calc.py:74  ERROR some error
2019-07-14 18:00:10,269 charges_calc.py:74  ERROR some error
2019-07-14 18:00:10,269 charges_calc.py:74  ERROR some error
2019-07-14 18:00:10,270 charges_calc.py:74  ERROR some error
2019-07-14 18:00:10,270 charges_calc.py:74  ERROR some error
2019-07-14 18:00:10,270 charges_calc.py:74  ERROR some error
2019-07-14 18:00:10,270 charges_calc.py:74  ERROR some error
2019-07-14 18:00:10,270 charges_calc.py:74  ERROR some error
2019-07-14 18:00:10,270 charges_calc.py:74  ERROR some error
2019-07-14 18:00:10,270 charges_calc.py:74  ERROR some error
2019-07-14 18:00:10,270 charges_calc.py:74  ERROR some error
2019-07-14 18:00:10,270 charges_calc.py:74  ERROR some error
2019-07-14 18:00:10,270 charges_calc.py:74  ERROR some error
2019-07-14 18:00:10,270 charges_calc.py:74  ERROR some error
2019-07-14 18:00:10,270 charges_calc.py:74  ERROR some error
2019-07-14 18:00:10,270 charges_calc.py:74  ERROR some error
2019-07-14 18:00:10,270 charges_calc.py:74  ERROR some error
2019-07-14 18:00:10,270 charges_calc.py:74  ERROR some error
2019-07-14 18:00:10,270 charges_calc.py:74  ERROR some error
2019-07-14 18:00:10,270 charges_calc.py:74  ERROR some error
2019-07-14 18:00:10,270 charges_calc.py:74  ERROR some error
2019-07-14 18:00:10,271 charges_calc.py:74  ERROR some error
2019-07-14 18:00:10,271 charges_calc.py:74  ERROR some error
2019-07-14 18:00:10,271 charges_calc.py:74  ERROR some error
2019-07-14 18:00:10,271 charges_calc.py:74  ERROR some error
2019-07-14 18:00:10,271 charges_calc.py:74  ERROR some error
2019-07-14 18:00:10,271 charges_calc.py:74  ERROR some error
2019-07-14 18:00:10,271 charges_calc.py:74  ERROR some error
2019-07-14 18:00:10,271 charges_calc.py:74  ERROR some error
2019-07-14 18:00:10,271 charges_calc.py:74  ERROR some error
2019-07-14 18:00:10,271 charges_calc.py:74  ERROR some error
2019-07-14 18:00:10,271 charges_calc.py:74  ERROR some error
2019-07-14 18:00:10,271 charges_calc.py:74  ERROR some error
2019-07-14 18:00:10,271 charges_calc.py:74  ERROR some error
2019-07-14 18:00:10,271 charges_calc.py:74  ERROR some error
2019-07-14 18:00:10,271 charges_calc.py:74  ERROR some error
2019-07-14 18:00:10,272 charges_calc.py:74  ERROR some error
2019-07-14 18:00:10,272 charges_calc.py:74  ERROR some error
2019-07-14 18:00:10,272 charges_calc.py:74  ERROR some error
2019-07-14 18:00:10,272 charges_calc.py:74  ERROR some error
2019-07-14 18:00:10,272 charges_calc.py:74  ERROR some error
2019-07-14 18:00:10,272 charges_calc.py:74  ERROR some error
2019-07-14 18:00:10,272 charges_calc.py:74  ERROR some error
2019-07-14 18:00:10,272 charges_calc.py:74  ERROR some error
2019-07-14 18:00:10,272 charges_calc.py:74  ERROR some error
2019-07-14 18:00:10,272 charges_calc.py:74  ERROR some error
2019-07-14 18:00:10,272 charges_calc.py:74  ERROR some error
2019-07-14 18:00:10,272 charges_calc.py:74  ERROR some error
2019-07-14 18:00:10,273 charges_calc.py:74  ERROR some error
2019-07-14 18:00:10,273 charges_calc.py:74  ERROR some error
2019-07-14 18:00:10,273 charges_calc.py:74  ERROR some error
2019-07-14 18:00:10,273 charges_calc.py:74  ERROR some error
2019-07-14 18:00:10,273 charges_calc.py:74  ERROR some error
2019-07-14 18:00:10,273 charges_calc.py:74  ERROR some error
2019-07-14 18:00:10,273 charges_calc.py:74  ERROR some error
2019-07-14 18:00:10,273 charges_calc.py:77  ERROR Exiting: calculate_additional_fields()
